<?xml version="1.0" encoding="UTF-8"?>
<!-- Generated by org.testng.reporters.JUnitReportReporter -->
<testsuite hostname="WDX2DJ0VG3" failures="0" tests="5" name="cogni.genc.bdd.runners.OpenCartTest" time="174.244" errors="0" timestamp="2024-02-11T18:42:01 IST" skipped="0">
  <testcase classname="cogni.genc.bdd.runners.OpenCartTest" name="runScenario" time="36.640"/>
  <system-out/>
  <testcase classname="cogni.genc.bdd.runners.OpenCartTest" name="runScenario" time="38.849"/>
  <system-out/>
  <testcase classname="cogni.genc.bdd.runners.OpenCartTest" name="runScenario" time="23.202"/>
  <system-out/>
  <testcase classname="cogni.genc.bdd.runners.OpenCartTest" name="runScenario" time="38.901"/>
  <system-out/>
  <testcase classname="cogni.genc.bdd.runners.OpenCartTest" name="runScenario" time="36.652"/>
  <system-out/>
</testsuite> <!-- cogni.genc.bdd.runners.OpenCartTest -->
