<?xml version="1.0" encoding="UTF-8"?>
<!-- Generated by org.testng.reporters.JUnitReportReporter -->
<testsuite hostname="WDX2DJ0VG3" failures="0" tests="1" name="cogni.genc.bdd.runners.OpenCartTest" time="17.697" errors="0" timestamp="2024-02-11T21:54:50 IST" skipped="0">
  <testcase classname="cogni.genc.bdd.runners.OpenCartTest" name="runScenario" time="17.697"/>
  <system-out/>
</testsuite> <!-- cogni.genc.bdd.runners.OpenCartTest -->
